<?xml version="1.0" encoding="UTF-8"?>
<!-- Generated by org.testng.reporters.JUnitReportReporter -->
<testsuite hostname="anirudha-Vostro-2520" failures="0" tests="1" name="TestScript1" time="6.677" errors="0" timestamp="2021-05-17T07:17:32 IST" skipped="0">
  <testcase classname="TestScript1" name="testLogin" time="6.677"/>
  <system-out>
captureScreen method called <a href='/home/anirudha/Documents/automation/AutomationFW/src/main/resources/screenShots/blank_17_05_2021_07_17_31.png'><img src='/home/anirudha/Documents/automation/AutomationFW/src/main/resources/screenShots/blank_17_05_2021_07_17_31.png'height='100' width='100'/></a>  </system-out>
</testsuite> <!-- TestScript1 -->
